\BOOKMARK [0][-]{chapter.1}{\376\377\000u\000I\000n\000t\000P\000L\000i\000b}{}% 1
\BOOKMARK [0][-]{chapter.2}{\376\377\000u\000I\000n\000t\000P\000L\000i\000b}{}% 2
\BOOKMARK [0][-]{chapter.3}{\376\377\000D\000a\000t\000a\000\040\000S\000t\000r\000u\000c\000t\000u\000r\000e\000\040\000I\000n\000d\000e\000x}{}% 3
\BOOKMARK [1][-]{section.3.1}{\376\377\000D\000a\000t\000a\000\040\000S\000t\000r\000u\000c\000t\000u\000r\000e\000s}{chapter.3}% 4
\BOOKMARK [0][-]{chapter.4}{\376\377\000F\000i\000l\000e\000\040\000I\000n\000d\000e\000x}{}% 5
\BOOKMARK [1][-]{section.4.1}{\376\377\000F\000i\000l\000e\000\040\000L\000i\000s\000t}{chapter.4}% 6
\BOOKMARK [0][-]{chapter.5}{\376\377\000D\000a\000t\000a\000\040\000S\000t\000r\000u\000c\000t\000u\000r\000e\000\040\000D\000o\000c\000u\000m\000e\000n\000t\000a\000t\000i\000o\000n}{}% 7
\BOOKMARK [1][-]{section.5.1}{\376\377\000C\000o\000m\000m\000a\000n\000d\000I\000n\000s\000t\000a\000n\000c\000e\000\040\000S\000t\000r\000u\000c\000t\000\040\000R\000e\000f\000e\000r\000e\000n\000c\000e}{chapter.5}% 8
\BOOKMARK [2][-]{subsection.5.1.1}{\376\377\000D\000e\000t\000a\000i\000l\000e\000d\000\040\000D\000e\000s\000c\000r\000i\000p\000t\000i\000o\000n}{section.5.1}% 9
\BOOKMARK [2][-]{subsection.5.1.2}{\376\377\000F\000i\000e\000l\000d\000\040\000D\000o\000c\000u\000m\000e\000n\000t\000a\000t\000i\000o\000n}{section.5.1}% 10
\BOOKMARK [3][-]{subsubsection.5.1.2.1}{\376\377\000c\000h\000a\000r\000I\000n}{subsection.5.1.2}% 11
\BOOKMARK [3][-]{subsubsection.5.1.2.2}{\376\377\000c\000h\000a\000r\000O\000u\000t}{subsection.5.1.2}% 12
\BOOKMARK [3][-]{subsubsection.5.1.2.3}{\376\377\000c\000h\000a\000r\000O\000u\000t\000P\000t\000r}{subsection.5.1.2}% 13
\BOOKMARK [3][-]{subsubsection.5.1.2.4}{\376\377\000c\000m\000d\000B\000u\000f\000f\000e\000r}{subsection.5.1.2}% 14
\BOOKMARK [1][-]{section.5.2}{\376\377\000I\000R\000I\000n\000s\000t\000a\000n\000c\000e\000\040\000S\000t\000r\000u\000c\000t\000\040\000R\000e\000f\000e\000r\000e\000n\000c\000e}{chapter.5}% 15
\BOOKMARK [2][-]{subsection.5.2.1}{\376\377\000D\000e\000t\000a\000i\000l\000e\000d\000\040\000D\000e\000s\000c\000r\000i\000p\000t\000i\000o\000n}{section.5.2}% 16
\BOOKMARK [2][-]{subsection.5.2.2}{\376\377\000F\000i\000e\000l\000d\000\040\000D\000o\000c\000u\000m\000e\000n\000t\000a\000t\000i\000o\000n}{section.5.2}% 17
\BOOKMARK [3][-]{subsubsection.5.2.2.1}{\376\377\000C\000a\000r\000r\000i\000e\000r\000F\000r\000e\000q\000u\000e\000n\000c\000y}{subsection.5.2.2}% 18
\BOOKMARK [3][-]{subsubsection.5.2.2.2}{\376\377\000C\000a\000r\000r\000i\000e\000r\000P\000e\000r\000i\000o\000d}{subsection.5.2.2}% 19
\BOOKMARK [3][-]{subsubsection.5.2.2.3}{\376\377\000L\000a\000s\000t\000D\000a\000t\000a}{subsection.5.2.2}% 20
\BOOKMARK [3][-]{subsubsection.5.2.2.4}{\376\377\000M\000o\000d\000e}{subsection.5.2.2}% 21
\BOOKMARK [3][-]{subsubsection.5.2.2.5}{\376\377\000P\000u\000l\000s\000e\000s}{subsection.5.2.2}% 22
\BOOKMARK [3][-]{subsubsection.5.2.2.6}{\376\377\000R\000e\000c\000e\000i\000v\000e\000A\000d\000d\000r\000e\000s\000s}{subsection.5.2.2}% 23
\BOOKMARK [3][-]{subsubsection.5.2.2.7}{\376\377\000R\000e\000c\000e\000i\000v\000e\000B\000u\000f\000f\000e\000r}{subsection.5.2.2}% 24
\BOOKMARK [3][-]{subsubsection.5.2.2.8}{\376\377\000R\000x\000P\000i\000n}{subsection.5.2.2}% 25
\BOOKMARK [3][-]{subsubsection.5.2.2.9}{\376\377\000R\000x\000P\000o\000r\000t}{subsection.5.2.2}% 26
\BOOKMARK [3][-]{subsubsection.5.2.2.10}{\376\377\000T\000x\000P\000i\000n}{subsection.5.2.2}% 27
\BOOKMARK [3][-]{subsubsection.5.2.2.11}{\376\377\000T\000x\000P\000o\000r\000t}{subsection.5.2.2}% 28
\BOOKMARK [1][-]{section.5.3}{\376\377\000L\000C\000D\000S\000t\000a\000t\000u\000s\000\040\000S\000t\000r\000u\000c\000t\000\040\000R\000e\000f\000e\000r\000e\000n\000c\000e}{chapter.5}% 29
\BOOKMARK [2][-]{subsection.5.3.1}{\376\377\000D\000e\000t\000a\000i\000l\000e\000d\000\040\000D\000e\000s\000c\000r\000i\000p\000t\000i\000o\000n}{section.5.3}% 30
\BOOKMARK [2][-]{subsection.5.3.2}{\376\377\000F\000i\000e\000l\000d\000\040\000D\000o\000c\000u\000m\000e\000n\000t\000a\000t\000i\000o\000n}{section.5.3}% 31
\BOOKMARK [3][-]{subsubsection.5.3.2.1}{\376\377\000c\000g\000r\000a\000m\000A\000d\000r\000e\000s\000s}{subsection.5.3.2}% 32
\BOOKMARK [3][-]{subsubsection.5.3.2.2}{\376\377\000c\000o\000l}{subsection.5.3.2}% 33
\BOOKMARK [3][-]{subsubsection.5.3.2.3}{\376\377\000d\000i\000s\000p\000l\000a\000y}{subsection.5.3.2}% 34
\BOOKMARK [3][-]{subsubsection.5.3.2.4}{\376\377\000r\000o\000w}{subsection.5.3.2}% 35
\BOOKMARK [3][-]{subsubsection.5.3.2.5}{\376\377\000s\000h\000i\000f\000t}{subsection.5.3.2}% 36
\BOOKMARK [3][-]{subsubsection.5.3.2.6}{\376\377\000s\000p\000e\000c\000i\000a\000l\000C\000h\000a\000r}{subsection.5.3.2}% 37
\BOOKMARK [1][-]{section.5.4}{\376\377\000U\000A\000R\000T\000I\000n\000s\000t\000a\000n\000c\000e\000\040\000S\000t\000r\000u\000c\000t\000\040\000R\000e\000f\000e\000r\000e\000n\000c\000e}{chapter.5}% 38
\BOOKMARK [2][-]{subsection.5.4.1}{\376\377\000D\000e\000t\000a\000i\000l\000e\000d\000\040\000D\000e\000s\000c\000r\000i\000p\000t\000i\000o\000n}{section.5.4}% 39
\BOOKMARK [2][-]{subsection.5.4.2}{\376\377\000F\000i\000e\000l\000d\000\040\000D\000o\000c\000u\000m\000e\000n\000t\000a\000t\000i\000o\000n}{section.5.4}% 40
\BOOKMARK [3][-]{subsubsection.5.4.2.1}{\376\377\000M\000o\000d\000e}{subsection.5.4.2}% 41
\BOOKMARK [3][-]{subsubsection.5.4.2.2}{\376\377\000R\000x\000B\000u\000f\000f\000e\000r}{subsection.5.4.2}% 42
\BOOKMARK [3][-]{subsubsection.5.4.2.3}{\376\377\000R\000x\000B\000u\000f\000f\000e\000r\000P\000t\000r}{subsection.5.4.2}% 43
\BOOKMARK [3][-]{subsubsection.5.4.2.4}{\376\377\000T\000x\000B\000u\000f\000f\000e\000r}{subsection.5.4.2}% 44
\BOOKMARK [3][-]{subsubsection.5.4.2.5}{\376\377\000T\000x\000B\000u\000f\000f\000e\000r\000P\000t\000r}{subsection.5.4.2}% 45
\BOOKMARK [3][-]{subsubsection.5.4.2.6}{\376\377\000T\000x\000L\000a\000s\000t\000S\000e\000n\000t}{subsection.5.4.2}% 46
\BOOKMARK [3][-]{subsubsection.5.4.2.7}{\376\377\000T\000x\000L\000a\000s\000t\000S\000e\000n\000t\000P\000t\000r}{subsection.5.4.2}% 47
\BOOKMARK [0][-]{chapter.6}{\376\377\000F\000i\000l\000e\000\040\000D\000o\000c\000u\000m\000e\000n\000t\000a\000t\000i\000o\000n}{}% 48
\BOOKMARK [1][-]{section.6.1}{\376\377\000d\000e\000p\000l\000\137\000s\000p\000c\000/\000c\000h\000i\000p\000\137\000s\000p\000e\000c\000i\000f\000i\000c\000.\000c\000\040\000F\000i\000l\000e\000\040\000R\000e\000f\000e\000r\000e\000n\000c\000e}{chapter.6}% 49
\BOOKMARK [1][-]{section.6.2}{\376\377\000c\000h\000i\000p\000\137\000s\000p\000e\000c\000i\000f\000i\000c\000.\000c}{chapter.6}% 50
\BOOKMARK [1][-]{section.6.3}{\376\377\000d\000e\000p\000l\000\137\000s\000p\000c\000/\000c\000h\000i\000p\000\137\000s\000p\000e\000c\000i\000f\000i\000c\000.\000h\000\040\000F\000i\000l\000e\000\040\000R\000e\000f\000e\000r\000e\000n\000c\000e}{chapter.6}% 51
\BOOKMARK [1][-]{section.6.4}{\376\377\000c\000h\000i\000p\000\137\000s\000p\000e\000c\000i\000f\000i\000c\000.\000h}{chapter.6}% 52
\BOOKMARK [1][-]{section.6.5}{\376\377\000d\000e\000p\000l\000\137\000s\000p\000c\000/\000c\000m\000d\000\137\000l\000i\000s\000t\000.\000h\000\040\000F\000i\000l\000e\000\040\000R\000e\000f\000e\000r\000e\000n\000c\000e}{chapter.6}% 53
\BOOKMARK [1][-]{section.6.6}{\376\377\000c\000m\000d\000\137\000l\000i\000s\000t\000.\000h}{chapter.6}% 54
\BOOKMARK [1][-]{section.6.7}{\376\377\000d\000e\000p\000l\000\137\000s\000p\000c\000/\000d\000e\000v\000i\000c\000e\000\137\000i\000n\000i\000t\000/\000h\000a\000r\000d\000w\000a\000r\000e\000I\000n\000i\000t\000.\000c\000\040\000F\000i\000l\000e\000\040\000R\000e\000f\000e\000r\000e\000n\000c\000e}{chapter.6}% 55
\BOOKMARK [2][-]{subsection.6.7.1}{\376\377\000F\000u\000n\000c\000t\000i\000o\000n\000\040\000D\000o\000c\000u\000m\000e\000n\000t\000a\000t\000i\000o\000n}{section.6.7}% 56
\BOOKMARK [3][-]{subsubsection.6.7.1.1}{\376\377\000H\000a\000r\000d\000w\000a\000r\000e\000I\000n\000i\000t}{subsection.6.7.1}% 57
\BOOKMARK [1][-]{section.6.8}{\376\377\000h\000a\000r\000d\000w\000a\000r\000e\000I\000n\000i\000t\000.\000c}{chapter.6}% 58
\BOOKMARK [1][-]{section.6.9}{\376\377\000d\000e\000p\000l\000\137\000s\000p\000c\000/\000d\000e\000v\000i\000c\000e\000\137\000i\000n\000i\000t\000/\000h\000a\000r\000d\000w\000a\000r\000e\000I\000n\000i\000t\000.\000h\000\040\000F\000i\000l\000e\000\040\000R\000e\000f\000e\000r\000e\000n\000c\000e}{chapter.6}% 59
\BOOKMARK [2][-]{subsection.6.9.1}{\376\377\000F\000u\000n\000c\000t\000i\000o\000n\000\040\000D\000o\000c\000u\000m\000e\000n\000t\000a\000t\000i\000o\000n}{section.6.9}% 60
\BOOKMARK [3][-]{subsubsection.6.9.1.1}{\376\377\000H\000a\000r\000d\000w\000a\000r\000e\000I\000n\000i\000t}{subsection.6.9.1}% 61
\BOOKMARK [1][-]{section.6.10}{\376\377\000h\000a\000r\000d\000w\000a\000r\000e\000I\000n\000i\000t\000.\000h}{chapter.6}% 62
\BOOKMARK [1][-]{section.6.11}{\376\377\000d\000e\000p\000l\000\137\000s\000p\000c\000/\000d\000e\000v\000i\000c\000e\000\137\000i\000n\000i\000t\000/\000s\000o\000f\000t\000w\000a\000r\000e\000I\000n\000i\000t\000.\000c\000\040\000F\000i\000l\000e\000\040\000R\000e\000f\000e\000r\000e\000n\000c\000e}{chapter.6}% 63
\BOOKMARK [2][-]{subsection.6.11.1}{\376\377\000F\000u\000n\000c\000t\000i\000o\000n\000\040\000D\000o\000c\000u\000m\000e\000n\000t\000a\000t\000i\000o\000n}{section.6.11}% 64
\BOOKMARK [3][-]{subsubsection.6.11.1.1}{\376\377\000S\000o\000f\000t\000w\000a\000r\000e\000I\000n\000i\000t}{subsection.6.11.1}% 65
\BOOKMARK [1][-]{section.6.12}{\376\377\000s\000o\000f\000t\000w\000a\000r\000e\000I\000n\000i\000t\000.\000c}{chapter.6}% 66
\BOOKMARK [1][-]{section.6.13}{\376\377\000d\000e\000p\000l\000\137\000s\000p\000c\000/\000d\000e\000v\000i\000c\000e\000\137\000i\000n\000i\000t\000/\000s\000o\000f\000t\000w\000a\000r\000e\000I\000n\000i\000t\000.\000h\000\040\000F\000i\000l\000e\000\040\000R\000e\000f\000e\000r\000e\000n\000c\000e}{chapter.6}% 67
\BOOKMARK [2][-]{subsection.6.13.1}{\376\377\000F\000u\000n\000c\000t\000i\000o\000n\000\040\000D\000o\000c\000u\000m\000e\000n\000t\000a\000t\000i\000o\000n}{section.6.13}% 68
\BOOKMARK [3][-]{subsubsection.6.13.1.1}{\376\377\000S\000o\000f\000t\000w\000a\000r\000e\000I\000n\000i\000t}{subsection.6.13.1}% 69
\BOOKMARK [1][-]{section.6.14}{\376\377\000s\000o\000f\000t\000w\000a\000r\000e\000I\000n\000i\000t\000.\000h}{chapter.6}% 70
\BOOKMARK [1][-]{section.6.15}{\376\377\000d\000e\000p\000l\000\137\000s\000p\000c\000/\000g\000l\000o\000b\000a\000l\000P\000a\000r\000a\000m\000.\000h\000\040\000F\000i\000l\000e\000\040\000R\000e\000f\000e\000r\000e\000n\000c\000e}{chapter.6}% 71
\BOOKMARK [2][-]{subsection.6.15.1}{\376\377\000M\000a\000c\000r\000o\000\040\000D\000e\000f\000i\000n\000i\000t\000i\000o\000n\000\040\000D\000o\000c\000u\000m\000e\000n\000t\000a\000t\000i\000o\000n}{section.6.15}% 72
\BOOKMARK [3][-]{subsubsection.6.15.1.1}{\376\377\000B\000U\000S\000\137\000C\000L\000O\000C\000K}{subsection.6.15.1}% 73
\BOOKMARK [3][-]{subsubsection.6.15.1.2}{\376\377\000B\000U\000S\000H\000Z\000\137\000C\000L\000O\000C\000K}{subsection.6.15.1}% 74
\BOOKMARK [3][-]{subsubsection.6.15.1.3}{\376\377\000C\000P\000U\000\137\000C\000L\000O\000C\000K}{subsection.6.15.1}% 75
\BOOKMARK [3][-]{subsubsection.6.15.1.4}{\376\377\000C\000P\000U\000H\000Z\000\137\000C\000L\000O\000C\000K}{subsection.6.15.1}% 76
\BOOKMARK [3][-]{subsubsection.6.15.1.5}{\376\377\000L\000C\000D\000\137\000S\000P\000L\000A\000S\000H\000S\000C\000R\000E\000E\000N}{subsection.6.15.1}% 77
\BOOKMARK [3][-]{subsubsection.6.15.1.6}{\376\377\000L\000C\000D\000\137\000S\000P\000L\000A\000S\000H\000S\000C\000R\000E\000E\000N\0001}{subsection.6.15.1}% 78
\BOOKMARK [3][-]{subsubsection.6.15.1.7}{\376\377\000P\000R\000O\000J\000E\000C\000T\000\137\000N\000A\000M\000E}{subsection.6.15.1}% 79
\BOOKMARK [1][-]{section.6.16}{\376\377\000g\000l\000o\000b\000a\000l\000P\000a\000r\000a\000m\000.\000h}{chapter.6}% 80
\BOOKMARK [1][-]{section.6.17}{\376\377\000d\000e\000p\000l\000\137\000s\000p\000c\000/\000i\000n\000c\000l\000u\000d\000e\000A\000l\000l\000\137\000h\000w\000.\000h\000\040\000F\000i\000l\000e\000\040\000R\000e\000f\000e\000r\000e\000n\000c\000e}{chapter.6}% 81
\BOOKMARK [1][-]{section.6.18}{\376\377\000i\000n\000c\000l\000u\000d\000e\000A\000l\000l\000\137\000h\000w\000.\000h}{chapter.6}% 82
\BOOKMARK [1][-]{section.6.19}{\376\377\000d\000e\000p\000l\000\137\000s\000p\000c\000/\000i\000n\000c\000l\000u\000d\000e\000A\000l\000l\000\137\000s\000w\000.\000h\000\040\000F\000i\000l\000e\000\040\000R\000e\000f\000e\000r\000e\000n\000c\000e}{chapter.6}% 83
\BOOKMARK [1][-]{section.6.20}{\376\377\000i\000n\000c\000l\000u\000d\000e\000A\000l\000l\000\137\000s\000w\000.\000h}{chapter.6}% 84
\BOOKMARK [1][-]{section.6.21}{\376\377\000d\000e\000p\000l\000\137\000s\000p\000c\000/\000l\000i\000b\000\137\000c\000o\000m\000p\000/\000e\000x\000t\000e\000r\000n\000a\000l\000\137\000c\000o\000n\000s\000.\000h\000\040\000F\000i\000l\000e\000\040\000R\000e\000f\000e\000r\000e\000n\000c\000e}{chapter.6}% 85
\BOOKMARK [2][-]{subsection.6.21.1}{\376\377\000M\000a\000c\000r\000o\000\040\000D\000e\000f\000i\000n\000i\000t\000i\000o\000n\000\040\000D\000o\000c\000u\000m\000e\000n\000t\000a\000t\000i\000o\000n}{section.6.21}% 86
\BOOKMARK [3][-]{subsubsection.6.21.1.1}{\376\377\000L\000C\000D\000\137\000c\000h\000a\000r\000\137\000h\000e\000i\000g\000h}{subsection.6.21.1}% 87
\BOOKMARK [3][-]{subsubsection.6.21.1.2}{\376\377\000L\000C\000D\000\137\000c\000h\000a\000r\000\137\000w\000i\000d\000t\000h}{subsection.6.21.1}% 88
\BOOKMARK [3][-]{subsubsection.6.21.1.3}{\376\377\000L\000C\000D\000\137\000C\000L\000K\000\137\000P\000i\000n}{subsection.6.21.1}% 89
\BOOKMARK [3][-]{subsubsection.6.21.1.4}{\376\377\000L\000C\000D\000\137\000C\000L\000K\000\137\000P\000o\000r\000t}{subsection.6.21.1}% 90
\BOOKMARK [3][-]{subsubsection.6.21.1.5}{\376\377\000L\000C\000D\000\137\000c\000o\000l\000\137\000n\000u\000m}{subsection.6.21.1}% 91
\BOOKMARK [3][-]{subsubsection.6.21.1.6}{\376\377\000L\000C\000D\000\137\000D\000T\000A\000\137\000P\000i\000n}{subsection.6.21.1}% 92
\BOOKMARK [3][-]{subsubsection.6.21.1.7}{\376\377\000L\000C\000D\000\137\000D\000T\000A\000\137\000P\000o\000r\000t}{subsection.6.21.1}% 93
\BOOKMARK [3][-]{subsubsection.6.21.1.8}{\376\377\000L\000C\000D\000\137\000E\000N\000\137\000P\000i\000n}{subsection.6.21.1}% 94
\BOOKMARK [3][-]{subsubsection.6.21.1.9}{\376\377\000L\000C\000D\000\137\000E\000N\000\137\000P\000o\000r\000t}{subsection.6.21.1}% 95
\BOOKMARK [3][-]{subsubsection.6.21.1.10}{\376\377\000L\000C\000D\000\137\000r\000o\000w\000\137\000n\000u\000m}{subsection.6.21.1}% 96
\BOOKMARK [3][-]{subsubsection.6.21.1.11}{\376\377\000L\000C\000D\000\137\000R\000S\000\137\000P\000i\000n}{subsection.6.21.1}% 97
\BOOKMARK [3][-]{subsubsection.6.21.1.12}{\376\377\000L\000C\000D\000\137\000R\000S\000\137\000P\000o\000r\000t}{subsection.6.21.1}% 98
\BOOKMARK [1][-]{section.6.22}{\376\377\000e\000x\000t\000e\000r\000n\000a\000l\000\137\000c\000o\000n\000s\000.\000h}{chapter.6}% 99
\BOOKMARK [1][-]{section.6.23}{\376\377\000d\000e\000p\000l\000\137\000s\000p\000c\000/\000l\000i\000b\000\137\000c\000o\000m\000p\000/\000l\000i\000b\000r\000a\000r\000y\000C\000o\000m\000p\000a\000t\000i\000b\000l\000e\000.\000h\000\040\000F\000i\000l\000e\000\040\000R\000e\000f\000e\000r\000e\000n\000c\000e}{chapter.6}% 100
\BOOKMARK [2][-]{subsection.6.23.1}{\376\377\000M\000a\000c\000r\000o\000\040\000D\000e\000f\000i\000n\000i\000t\000i\000o\000n\000\040\000D\000o\000c\000u\000m\000e\000n\000t\000a\000t\000i\000o\000n}{section.6.23}% 101
\BOOKMARK [3][-]{subsubsection.6.23.1.1}{\376\377\000P\000i\000n\000A\000d\000d\000r\000C\000l\000e\000a\000r}{subsection.6.23.1}% 102
\BOOKMARK [3][-]{subsubsection.6.23.1.2}{\376\377\000P\000i\000n\000A\000d\000d\000r\000S\000e\000t}{subsection.6.23.1}% 103
\BOOKMARK [3][-]{subsubsection.6.23.1.3}{\376\377\000P\000i\000n\000C\000l\000e\000a\000r}{subsection.6.23.1}% 104
\BOOKMARK [3][-]{subsubsection.6.23.1.4}{\376\377\000P\000i\000n\000S\000e\000t}{subsection.6.23.1}% 105
\BOOKMARK [3][-]{subsubsection.6.23.1.5}{\376\377\000P\000i\000n\000T\000o\000o\000g\000l\000e}{subsection.6.23.1}% 106
\BOOKMARK [3][-]{subsubsection.6.23.1.6}{\376\377\000S\000y\000s\000D\000e\000l\000a\000y}{subsection.6.23.1}% 107
\BOOKMARK [3][-]{subsubsection.6.23.1.7}{\376\377\000S\000y\000s\000D\000e\000l\000a\000y\000M\000s}{subsection.6.23.1}% 108
\BOOKMARK [3][-]{subsubsection.6.23.1.8}{\376\377\000S\000y\000s\000D\000e\000l\000a\000y\000U\000s}{subsection.6.23.1}% 109
\BOOKMARK [1][-]{section.6.24}{\376\377\000l\000i\000b\000r\000a\000r\000y\000C\000o\000m\000p\000a\000t\000i\000b\000l\000e\000.\000h}{chapter.6}% 110
\BOOKMARK [1][-]{section.6.25}{\376\377\000d\000e\000p\000l\000\137\000s\000p\000c\000/\000v\000a\000r\000i\000a\000b\000l\000e\000s\000.\000h\000\040\000F\000i\000l\000e\000\040\000R\000e\000f\000e\000r\000e\000n\000c\000e}{chapter.6}% 111
\BOOKMARK [2][-]{subsection.6.25.1}{\376\377\000M\000a\000c\000r\000o\000\040\000D\000e\000f\000i\000n\000i\000t\000i\000o\000n\000\040\000D\000o\000c\000u\000m\000e\000n\000t\000a\000t\000i\000o\000n}{section.6.25}% 112
\BOOKMARK [3][-]{subsubsection.6.25.1.1}{\376\377\000v\000a\000r\000i\000a\000b\000l\000e\000\137\000h}{subsection.6.25.1}% 113
\BOOKMARK [1][-]{section.6.26}{\376\377\000v\000a\000r\000i\000a\000b\000l\000e\000s\000.\000h}{chapter.6}% 114
\BOOKMARK [1][-]{section.6.27}{\376\377\000m\000y\000\137\000l\000i\000b\000/\000a\000s\000c\000i\000i\000.\000h\000\040\000F\000i\000l\000e\000\040\000R\000e\000f\000e\000r\000e\000n\000c\000e}{chapter.6}% 115
\BOOKMARK [2][-]{subsection.6.27.1}{\376\377\000M\000a\000c\000r\000o\000\040\000D\000e\000f\000i\000n\000i\000t\000i\000o\000n\000\040\000D\000o\000c\000u\000m\000e\000n\000t\000a\000t\000i\000o\000n}{section.6.27}% 116
\BOOKMARK [3][-]{subsubsection.6.27.1.1}{\376\377\000A\000S\000C\000I\000I\000\137\000A\000C\000K}{subsection.6.27.1}% 117
\BOOKMARK [3][-]{subsubsection.6.27.1.2}{\376\377\000A\000S\000C\000I\000I\000\137\000B\000E\000L}{subsection.6.27.1}% 118
\BOOKMARK [3][-]{subsubsection.6.27.1.3}{\376\377\000A\000S\000C\000I\000I\000\137\000B\000S}{subsection.6.27.1}% 119
\BOOKMARK [3][-]{subsubsection.6.27.1.4}{\376\377\000A\000S\000C\000I\000I\000\137\000C\000A\000N}{subsection.6.27.1}% 120
\BOOKMARK [3][-]{subsubsection.6.27.1.5}{\376\377\000A\000S\000C\000I\000I\000\137\000C\000R}{subsection.6.27.1}% 121
\BOOKMARK [3][-]{subsubsection.6.27.1.6}{\376\377\000A\000S\000C\000I\000I\000\137\000D\000C\0001}{subsection.6.27.1}% 122
\BOOKMARK [3][-]{subsubsection.6.27.1.7}{\376\377\000A\000S\000C\000I\000I\000\137\000D\000C\0002}{subsection.6.27.1}% 123
\BOOKMARK [3][-]{subsubsection.6.27.1.8}{\376\377\000A\000S\000C\000I\000I\000\137\000D\000C\0003}{subsection.6.27.1}% 124
\BOOKMARK [3][-]{subsubsection.6.27.1.9}{\376\377\000A\000S\000C\000I\000I\000\137\000D\000C\0004}{subsection.6.27.1}% 125
\BOOKMARK [3][-]{subsubsection.6.27.1.10}{\376\377\000A\000S\000C\000I\000I\000\137\000D\000L\000E}{subsection.6.27.1}% 126
\BOOKMARK [3][-]{subsubsection.6.27.1.11}{\376\377\000A\000S\000C\000I\000I\000\137\000E\000M}{subsection.6.27.1}% 127
\BOOKMARK [3][-]{subsubsection.6.27.1.12}{\376\377\000A\000S\000C\000I\000I\000\137\000E\000N\000Q}{subsection.6.27.1}% 128
\BOOKMARK [3][-]{subsubsection.6.27.1.13}{\376\377\000A\000S\000C\000I\000I\000\137\000E\000O\000T}{subsection.6.27.1}% 129
\BOOKMARK [3][-]{subsubsection.6.27.1.14}{\376\377\000A\000S\000C\000I\000I\000\137\000E\000S\000C}{subsection.6.27.1}% 130
\BOOKMARK [3][-]{subsubsection.6.27.1.15}{\376\377\000A\000S\000C\000I\000I\000\137\000E\000T\000B}{subsection.6.27.1}% 131
\BOOKMARK [3][-]{subsubsection.6.27.1.16}{\376\377\000A\000S\000C\000I\000I\000\137\000E\000T\000X}{subsection.6.27.1}% 132
\BOOKMARK [3][-]{subsubsection.6.27.1.17}{\376\377\000A\000S\000C\000I\000I\000\137\000F\000F}{subsection.6.27.1}% 133
\BOOKMARK [3][-]{subsubsection.6.27.1.18}{\376\377\000A\000S\000C\000I\000I\000\137\000F\000S}{subsection.6.27.1}% 134
\BOOKMARK [3][-]{subsubsection.6.27.1.19}{\376\377\000A\000S\000C\000I\000I\000\137\000G\000S}{subsection.6.27.1}% 135
\BOOKMARK [3][-]{subsubsection.6.27.1.20}{\376\377\000A\000S\000C\000I\000I\000\137\000H\000T}{subsection.6.27.1}% 136
\BOOKMARK [3][-]{subsubsection.6.27.1.21}{\376\377\000A\000S\000C\000I\000I\000\137\000L\000F}{subsection.6.27.1}% 137
\BOOKMARK [3][-]{subsubsection.6.27.1.22}{\376\377\000A\000S\000C\000I\000I\000\137\000N\000A\000K}{subsection.6.27.1}% 138
\BOOKMARK [3][-]{subsubsection.6.27.1.23}{\376\377\000A\000S\000C\000I\000I\000\137\000N\000U\000L\000L}{subsection.6.27.1}% 139
\BOOKMARK [3][-]{subsubsection.6.27.1.24}{\376\377\000A\000S\000C\000I\000I\000\137\000R\000S}{subsection.6.27.1}% 140
\BOOKMARK [3][-]{subsubsection.6.27.1.25}{\376\377\000A\000S\000C\000I\000I\000\137\000S\000I}{subsection.6.27.1}% 141
\BOOKMARK [3][-]{subsubsection.6.27.1.26}{\376\377\000A\000S\000C\000I\000I\000\137\000S\000O}{subsection.6.27.1}% 142
\BOOKMARK [3][-]{subsubsection.6.27.1.27}{\376\377\000A\000S\000C\000I\000I\000\137\000S\000O\000H}{subsection.6.27.1}% 143
\BOOKMARK [3][-]{subsubsection.6.27.1.28}{\376\377\000A\000S\000C\000I\000I\000\137\000S\000T\000X}{subsection.6.27.1}% 144
\BOOKMARK [3][-]{subsubsection.6.27.1.29}{\376\377\000A\000S\000C\000I\000I\000\137\000S\000U\000B}{subsection.6.27.1}% 145
\BOOKMARK [3][-]{subsubsection.6.27.1.30}{\376\377\000A\000S\000C\000I\000I\000\137\000S\000Y\000N}{subsection.6.27.1}% 146
\BOOKMARK [3][-]{subsubsection.6.27.1.31}{\376\377\000A\000S\000C\000I\000I\000\137\000U\000S}{subsection.6.27.1}% 147
\BOOKMARK [3][-]{subsubsection.6.27.1.32}{\376\377\000A\000S\000C\000I\000I\000\137\000V\000T}{subsection.6.27.1}% 148
\BOOKMARK [1][-]{section.6.28}{\376\377\000a\000s\000c\000i\000i\000.\000h}{chapter.6}% 149
\BOOKMARK [1][-]{section.6.29}{\376\377\000m\000y\000\137\000l\000i\000b\000/\000c\000m\000d\000\137\000s\000o\000r\000t\000.\000c\000\040\000F\000i\000l\000e\000\040\000R\000e\000f\000e\000r\000e\000n\000c\000e}{chapter.6}% 150
\BOOKMARK [2][-]{subsection.6.29.1}{\376\377\000F\000u\000n\000c\000t\000i\000o\000n\000\040\000D\000o\000c\000u\000m\000e\000n\000t\000a\000t\000i\000o\000n}{section.6.29}% 151
\BOOKMARK [3][-]{subsubsection.6.29.1.1}{\376\377\000C\000o\000m\000m\000a\000n\000d\000S\000o\000r\000t}{subsection.6.29.1}% 152
\BOOKMARK [1][-]{section.6.30}{\376\377\000c\000m\000d\000\137\000s\000o\000r\000t\000.\000c}{chapter.6}% 153
\BOOKMARK [1][-]{section.6.31}{\376\377\000m\000y\000\137\000l\000i\000b\000/\000c\000m\000d\000\137\000s\000o\000r\000t\000.\000h\000\040\000F\000i\000l\000e\000\040\000R\000e\000f\000e\000r\000e\000n\000c\000e}{chapter.6}% 154
\BOOKMARK [2][-]{subsection.6.31.1}{\376\377\000M\000a\000c\000r\000o\000\040\000D\000e\000f\000i\000n\000i\000t\000i\000o\000n\000\040\000D\000o\000c\000u\000m\000e\000n\000t\000a\000t\000i\000o\000n}{section.6.31}% 155
\BOOKMARK [3][-]{subsubsection.6.31.1.1}{\376\377\000M\000A\000X\000\137\000B\000U\000F\000F\000E\000R\000\137\000S\000I\000Z\000E}{subsection.6.31.1}% 156
\BOOKMARK [2][-]{subsection.6.31.2}{\376\377\000F\000u\000n\000c\000t\000i\000o\000n\000\040\000D\000o\000c\000u\000m\000e\000n\000t\000a\000t\000i\000o\000n}{section.6.31}% 157
\BOOKMARK [3][-]{subsubsection.6.31.2.1}{\376\377\000C\000o\000m\000m\000a\000n\000d\000S\000o\000r\000t}{subsection.6.31.2}% 158
\BOOKMARK [1][-]{section.6.32}{\376\377\000c\000m\000d\000\137\000s\000o\000r\000t\000.\000h}{chapter.6}% 159
\BOOKMARK [1][-]{section.6.33}{\376\377\000m\000y\000\137\000l\000i\000b\000/\000g\000p\000i\000o\000P\000i\000n\000\137\000m\000a\000s\000k\000s\000.\000h\000\040\000F\000i\000l\000e\000\040\000R\000e\000f\000e\000r\000e\000n\000c\000e}{chapter.6}% 160
\BOOKMARK [2][-]{subsection.6.33.1}{\376\377\000M\000a\000c\000r\000o\000\040\000D\000e\000f\000i\000n\000i\000t\000i\000o\000n\000\040\000D\000o\000c\000u\000m\000e\000n\000t\000a\000t\000i\000o\000n}{section.6.33}% 161
\BOOKMARK [3][-]{subsubsection.6.33.1.1}{\376\377\000I\000O\000P\000i\000n\000\137\0000}{subsection.6.33.1}% 162
\BOOKMARK [3][-]{subsubsection.6.33.1.2}{\376\377\000I\000O\000P\000i\000n\000\137\0001}{subsection.6.33.1}% 163
\BOOKMARK [3][-]{subsubsection.6.33.1.3}{\376\377\000I\000O\000P\000i\000n\000\137\0001\0000}{subsection.6.33.1}% 164
\BOOKMARK [3][-]{subsubsection.6.33.1.4}{\376\377\000I\000O\000P\000i\000n\000\137\0001\0001}{subsection.6.33.1}% 165
\BOOKMARK [3][-]{subsubsection.6.33.1.5}{\376\377\000I\000O\000P\000i\000n\000\137\0001\0002}{subsection.6.33.1}% 166
\BOOKMARK [3][-]{subsubsection.6.33.1.6}{\376\377\000I\000O\000P\000i\000n\000\137\0001\0003}{subsection.6.33.1}% 167
\BOOKMARK [3][-]{subsubsection.6.33.1.7}{\376\377\000I\000O\000P\000i\000n\000\137\0001\0004}{subsection.6.33.1}% 168
\BOOKMARK [3][-]{subsubsection.6.33.1.8}{\376\377\000I\000O\000P\000i\000n\000\137\0001\0005}{subsection.6.33.1}% 169
\BOOKMARK [3][-]{subsubsection.6.33.1.9}{\376\377\000I\000O\000P\000i\000n\000\137\0001\0006}{subsection.6.33.1}% 170
\BOOKMARK [3][-]{subsubsection.6.33.1.10}{\376\377\000I\000O\000P\000i\000n\000\137\0001\0007}{subsection.6.33.1}% 171
\BOOKMARK [3][-]{subsubsection.6.33.1.11}{\376\377\000I\000O\000P\000i\000n\000\137\0001\0008}{subsection.6.33.1}% 172
\BOOKMARK [3][-]{subsubsection.6.33.1.12}{\376\377\000I\000O\000P\000i\000n\000\137\0001\0009}{subsection.6.33.1}% 173
\BOOKMARK [3][-]{subsubsection.6.33.1.13}{\376\377\000I\000O\000P\000i\000n\000\137\0002}{subsection.6.33.1}% 174
\BOOKMARK [3][-]{subsubsection.6.33.1.14}{\376\377\000I\000O\000P\000i\000n\000\137\0002\0000}{subsection.6.33.1}% 175
\BOOKMARK [3][-]{subsubsection.6.33.1.15}{\376\377\000I\000O\000P\000i\000n\000\137\0002\0001}{subsection.6.33.1}% 176
\BOOKMARK [3][-]{subsubsection.6.33.1.16}{\376\377\000I\000O\000P\000i\000n\000\137\0002\0002}{subsection.6.33.1}% 177
\BOOKMARK [3][-]{subsubsection.6.33.1.17}{\376\377\000I\000O\000P\000i\000n\000\137\0002\0003}{subsection.6.33.1}% 178
\BOOKMARK [3][-]{subsubsection.6.33.1.18}{\376\377\000I\000O\000P\000i\000n\000\137\0002\0004}{subsection.6.33.1}% 179
\BOOKMARK [3][-]{subsubsection.6.33.1.19}{\376\377\000I\000O\000P\000i\000n\000\137\0002\0005}{subsection.6.33.1}% 180
\BOOKMARK [3][-]{subsubsection.6.33.1.20}{\376\377\000I\000O\000P\000i\000n\000\137\0002\0006}{subsection.6.33.1}% 181
\BOOKMARK [3][-]{subsubsection.6.33.1.21}{\376\377\000I\000O\000P\000i\000n\000\137\0002\0007}{subsection.6.33.1}% 182
\BOOKMARK [3][-]{subsubsection.6.33.1.22}{\376\377\000I\000O\000P\000i\000n\000\137\0002\0008}{subsection.6.33.1}% 183
\BOOKMARK [3][-]{subsubsection.6.33.1.23}{\376\377\000I\000O\000P\000i\000n\000\137\0002\0009}{subsection.6.33.1}% 184
\BOOKMARK [3][-]{subsubsection.6.33.1.24}{\376\377\000I\000O\000P\000i\000n\000\137\0003}{subsection.6.33.1}% 185
\BOOKMARK [3][-]{subsubsection.6.33.1.25}{\376\377\000I\000O\000P\000i\000n\000\137\0003\0000}{subsection.6.33.1}% 186
\BOOKMARK [3][-]{subsubsection.6.33.1.26}{\376\377\000I\000O\000P\000i\000n\000\137\0003\0001}{subsection.6.33.1}% 187
\BOOKMARK [3][-]{subsubsection.6.33.1.27}{\376\377\000I\000O\000P\000i\000n\000\137\0004}{subsection.6.33.1}% 188
\BOOKMARK [3][-]{subsubsection.6.33.1.28}{\376\377\000I\000O\000P\000i\000n\000\137\0005}{subsection.6.33.1}% 189
\BOOKMARK [3][-]{subsubsection.6.33.1.29}{\376\377\000I\000O\000P\000i\000n\000\137\0006}{subsection.6.33.1}% 190
\BOOKMARK [3][-]{subsubsection.6.33.1.30}{\376\377\000I\000O\000P\000i\000n\000\137\0007}{subsection.6.33.1}% 191
\BOOKMARK [3][-]{subsubsection.6.33.1.31}{\376\377\000I\000O\000P\000i\000n\000\137\0008}{subsection.6.33.1}% 192
\BOOKMARK [3][-]{subsubsection.6.33.1.32}{\376\377\000I\000O\000P\000i\000n\000\137\0009}{subsection.6.33.1}% 193
\BOOKMARK [1][-]{section.6.34}{\376\377\000g\000p\000i\000o\000P\000i\000n\000\137\000m\000a\000s\000k\000s\000.\000h}{chapter.6}% 194
\BOOKMARK [1][-]{section.6.35}{\376\377\000m\000y\000\137\000l\000i\000b\000/\000i\000r\000.\000c\000\040\000F\000i\000l\000e\000\040\000R\000e\000f\000e\000r\000e\000n\000c\000e}{chapter.6}% 195
\BOOKMARK [2][-]{subsection.6.35.1}{\376\377\000F\000u\000n\000c\000t\000i\000o\000n\000\040\000D\000o\000c\000u\000m\000e\000n\000t\000a\000t\000i\000o\000n}{section.6.35}% 196
\BOOKMARK [3][-]{subsubsection.6.35.1.1}{\376\377\000I\000R\000B\000y\000t\000e\000B\000y\000S\000o\000f\000t\000w\000a\000r\000e}{subsection.6.35.1}% 197
\BOOKMARK [3][-]{subsubsection.6.35.1.2}{\376\377\000I\000R\000I\000n\000i\000t}{subsection.6.35.1}% 198
\BOOKMARK [3][-]{subsubsection.6.35.1.3}{\376\377\000I\000R\000R\000e\000p\000e\000a\000t}{subsection.6.35.1}% 199
\BOOKMARK [3][-]{subsubsection.6.35.1.4}{\376\377\000I\000R\000S\000e\000n\000d}{subsection.6.35.1}% 200
\BOOKMARK [1][-]{section.6.36}{\376\377\000i\000r\000.\000c}{chapter.6}% 201
\BOOKMARK [1][-]{section.6.37}{\376\377\000m\000y\000\137\000l\000i\000b\000/\000i\000r\000.\000h\000\040\000F\000i\000l\000e\000\040\000R\000e\000f\000e\000r\000e\000n\000c\000e}{chapter.6}% 202
\BOOKMARK [2][-]{subsection.6.37.1}{\376\377\000M\000a\000c\000r\000o\000\040\000D\000e\000f\000i\000n\000i\000t\000i\000o\000n\000\040\000D\000o\000c\000u\000m\000e\000n\000t\000a\000t\000i\000o\000n}{section.6.37}% 203
\BOOKMARK [3][-]{subsubsection.6.37.1.1}{\376\377\000I\000R\000\137\000B\000Y\000\137\000E\000X\000T\000E\000R\000N\000A\000L\000\137\000T\000I\000E\000M\000R}{subsection.6.37.1}% 204
\BOOKMARK [3][-]{subsubsection.6.37.1.2}{\376\377\000I\000R\000\137\000B\000Y\000\137\000S\000O\000F\000T\000W\000A\000R\000E}{subsection.6.37.1}% 205
\BOOKMARK [3][-]{subsubsection.6.37.1.3}{\376\377\000I\000R\000\137\000B\000Y\000\137\000T\000I\000M\000E\000R}{subsection.6.37.1}% 206
\BOOKMARK [3][-]{subsubsection.6.37.1.4}{\376\377\000I\000R\000\137\000B\000Y\000\137\000U\000A\000R\000T}{subsection.6.37.1}% 207
\BOOKMARK [3][-]{subsubsection.6.37.1.5}{\376\377\000I\000R\000\137\000M\000A\000X\000\137\000I\000N\000S\000T\000A\000N\000C\000E\000S}{subsection.6.37.1}% 208
\BOOKMARK [3][-]{subsubsection.6.37.1.6}{\376\377\000I\000R\000\137\000M\000Y\000\137\000P\000R\000O\000T\000O\000C\000O\000L}{subsection.6.37.1}% 209
\BOOKMARK [3][-]{subsubsection.6.37.1.7}{\376\377\000I\000R\000\137\000N\000E\000C\000\137\000E\000X\000T\000E\000N\000D\000E\000D}{subsection.6.37.1}% 210
\BOOKMARK [3][-]{subsubsection.6.37.1.8}{\376\377\000I\000R\000\137\000N\000E\000C\000\137\000P\000R\000O\000T\000O\000C\000O\000L}{subsection.6.37.1}% 211
\BOOKMARK [3][-]{subsubsection.6.37.1.9}{\376\377\000I\000R\000\137\000R\000C\0005\000\137\000P\000R\000O\000T\000O\000C\000O\000L}{subsection.6.37.1}% 212
\BOOKMARK [3][-]{subsubsection.6.37.1.10}{\376\377\000I\000R\000\137\000R\000E\000P\000E\000A\000T\000\137\000C\000O\000M\000M\000A\000N\000D\000\137\000D\000I\000S\000A\000B\000L\000E}{subsection.6.37.1}% 213
\BOOKMARK [3][-]{subsubsection.6.37.1.11}{\376\377\000I\000R\000\137\000R\000E\000P\000E\000A\000T\000\137\000C\000O\000M\000M\000A\000N\000D\000\137\000E\000N\000A\000B\000L\000E}{subsection.6.37.1}% 214
\BOOKMARK [3][-]{subsubsection.6.37.1.12}{\376\377\000I\000R\000D\000e\000l\000a\000y}{subsection.6.37.1}% 215
\BOOKMARK [3][-]{subsubsection.6.37.1.13}{\376\377\000I\000R\000D\000e\000l\000a\000y\000M\000s}{subsection.6.37.1}% 216
\BOOKMARK [3][-]{subsubsection.6.37.1.14}{\376\377\000I\000R\000D\000e\000l\000a\000y\000U\000s}{subsection.6.37.1}% 217
\BOOKMARK [3][-]{subsubsection.6.37.1.15}{\376\377\000I\000R\000P\000i\000n\000C\000l\000e\000a\000r}{subsection.6.37.1}% 218
\BOOKMARK [3][-]{subsubsection.6.37.1.16}{\376\377\000I\000R\000P\000i\000n\000S\000e\000t}{subsection.6.37.1}% 219
\BOOKMARK [3][-]{subsubsection.6.37.1.17}{\376\377\000N\000E\000C\000\137\000P\000U\000L\000S\000E\000\137\000T\000I\000M\000E}{subsection.6.37.1}% 220
\BOOKMARK [3][-]{subsubsection.6.37.1.18}{\376\377\000R\000C\0005\000\137\000P\000U\000L\000S\000E\000\137\000T\000I\000M\000E}{subsection.6.37.1}% 221
\BOOKMARK [2][-]{subsection.6.37.2}{\376\377\000F\000u\000n\000c\000t\000i\000o\000n\000\040\000D\000o\000c\000u\000m\000e\000n\000t\000a\000t\000i\000o\000n}{section.6.37}% 222
\BOOKMARK [3][-]{subsubsection.6.37.2.1}{\376\377\000I\000R\000B\000y\000t\000e\000B\000y\000S\000o\000f\000t\000w\000a\000r\000e}{subsection.6.37.2}% 223
\BOOKMARK [3][-]{subsubsection.6.37.2.2}{\376\377\000I\000R\000I\000n\000i\000t}{subsection.6.37.2}% 224
\BOOKMARK [3][-]{subsubsection.6.37.2.3}{\376\377\000I\000R\000R\000e\000p\000e\000a\000t}{subsection.6.37.2}% 225
\BOOKMARK [3][-]{subsubsection.6.37.2.4}{\376\377\000I\000R\000S\000e\000n\000d}{subsection.6.37.2}% 226
\BOOKMARK [1][-]{section.6.38}{\376\377\000i\000r\000.\000h}{chapter.6}% 227
\BOOKMARK [1][-]{section.6.39}{\376\377\000m\000y\000\137\000l\000i\000b\000/\000l\000c\000d\000.\000c\000\040\000F\000i\000l\000e\000\040\000R\000e\000f\000e\000r\000e\000n\000c\000e}{chapter.6}% 228
\BOOKMARK [2][-]{subsection.6.39.1}{\376\377\000M\000a\000c\000r\000o\000\040\000D\000e\000f\000i\000n\000i\000t\000i\000o\000n\000\040\000D\000o\000c\000u\000m\000e\000n\000t\000a\000t\000i\000o\000n}{section.6.39}% 229
\BOOKMARK [3][-]{subsubsection.6.39.1.1}{\376\377\000f\000a\000l\000s\000e}{subsection.6.39.1}% 230
\BOOKMARK [3][-]{subsubsection.6.39.1.2}{\376\377\000l\000c\000d\000\137\000v\000e\000c\000t\000o\000r\000\137\000i\000n\000d\000e\000x}{subsection.6.39.1}% 231
\BOOKMARK [3][-]{subsubsection.6.39.1.3}{\376\377\000t\000r\000u\000e}{subsection.6.39.1}% 232
\BOOKMARK [3][-]{subsubsection.6.39.1.4}{\376\377\000t\000r\000u\000e\000D\000e\000f\000i\000n\000e\000d\000L\000C\000D}{subsection.6.39.1}% 233
\BOOKMARK [2][-]{subsection.6.39.2}{\376\377\000F\000u\000n\000c\000t\000i\000o\000n\000\040\000D\000o\000c\000u\000m\000e\000n\000t\000a\000t\000i\000o\000n}{section.6.39}% 234
\BOOKMARK [3][-]{subsubsection.6.39.2.1}{\376\377\000a\000r\000r\000a\000y\000T\000o\000N\000u\000m}{subsection.6.39.2}% 235
\BOOKMARK [3][-]{subsubsection.6.39.2.2}{\376\377\000L\000C\000D\000C\000l\000e\000a\000r}{subsection.6.39.2}% 236
\BOOKMARK [3][-]{subsubsection.6.39.2.3}{\376\377\000L\000C\000D\000D\000i\000s\000p\000l\000a\000y\000O\000n}{subsection.6.39.2}% 237
\BOOKMARK [3][-]{subsubsection.6.39.2.4}{\376\377\000L\000C\000D\000H\000o\000m\000e}{subsection.6.39.2}% 238
\BOOKMARK [3][-]{subsubsection.6.39.2.5}{\376\377\000L\000C\000D\000I\000n\000i\000t}{subsection.6.39.2}% 239
\BOOKMARK [3][-]{subsubsection.6.39.2.6}{\376\377\000L\000C\000D\000P\000o\000s\000i\000t\000i\000o\000n}{subsection.6.39.2}% 240
\BOOKMARK [3][-]{subsubsection.6.39.2.7}{\376\377\000L\000C\000D\000P\000o\000s\000i\000t\000i\000o\000n\000N\000o\000D\000e\000l\000a\000y}{subsection.6.39.2}% 241
\BOOKMARK [3][-]{subsubsection.6.39.2.8}{\376\377\000L\000C\000D\000R\000e\000g\000i\000s\000t\000e\000r\000S\000p\000e\000c\000i\000a\000l}{subsection.6.39.2}% 242
\BOOKMARK [3][-]{subsubsection.6.39.2.9}{\376\377\000L\000C\000D\000S\000e\000n\000d}{subsection.6.39.2}% 243
\BOOKMARK [3][-]{subsubsection.6.39.2.10}{\376\377\000L\000C\000D\000S\000e\000n\000d\000C\000h\000a\000r}{subsection.6.39.2}% 244
\BOOKMARK [3][-]{subsubsection.6.39.2.11}{\376\377\000L\000C\000D\000S\000e\000n\000d\000C\000m\000d}{subsection.6.39.2}% 245
\BOOKMARK [3][-]{subsubsection.6.39.2.12}{\376\377\000L\000C\000D\000S\000e\000n\000d\000H\000e\000x}{subsection.6.39.2}% 246
\BOOKMARK [3][-]{subsubsection.6.39.2.13}{\376\377\000L\000C\000D\000S\000e\000n\000d\000N\000u\000m}{subsection.6.39.2}% 247
\BOOKMARK [3][-]{subsubsection.6.39.2.14}{\376\377\000L\000C\000D\000S\000e\000n\000d\000N\000u\000m\000A\000r\000r\000a\000y}{subsection.6.39.2}% 248
\BOOKMARK [3][-]{subsubsection.6.39.2.15}{\376\377\000L\000C\000D\000S\000e\000n\000d\000N\000u\000m\000S\000t\000r\000i\000c\000t}{subsection.6.39.2}% 249
\BOOKMARK [3][-]{subsubsection.6.39.2.16}{\376\377\000L\000C\000D\000S\000e\000n\000d\000S\000t\000r\000i\000n\000g}{subsection.6.39.2}% 250
\BOOKMARK [3][-]{subsubsection.6.39.2.17}{\376\377\000L\000C\000D\000S\000e\000n\000d\000V\000U}{subsection.6.39.2}% 251
\BOOKMARK [3][-]{subsubsection.6.39.2.18}{\376\377\000L\000C\000D\000S\000h\000i\000f\000t}{subsection.6.39.2}% 252
\BOOKMARK [3][-]{subsubsection.6.39.2.19}{\376\377\000n\000u\000m\000T\000o\000A\000r\000r\000a\000y}{subsection.6.39.2}% 253
\BOOKMARK [2][-]{subsection.6.39.3}{\376\377\000V\000a\000r\000i\000a\000b\000l\000e\000\040\000D\000o\000c\000u\000m\000e\000n\000t\000a\000t\000i\000o\000n}{section.6.39}% 254
\BOOKMARK [3][-]{subsubsection.6.39.3.1}{\376\377\000L\000C\000D\000\137\000C\000m\000d\000I\000n\000i\000t\000\137\000V\000e\000c\000t\000o\000r}{subsection.6.39.3}% 255
\BOOKMARK [3][-]{subsubsection.6.39.3.2}{\376\377\000L\000C\000D\000\137\000I\000n\000i\000t\000D\000e\000l\000a\000y\000\137\000V\000e\000c\000t\000o\000r}{subsection.6.39.3}% 256
\BOOKMARK [1][-]{section.6.40}{\376\377\000l\000c\000d\000.\000c}{chapter.6}% 257
\BOOKMARK [1][-]{section.6.41}{\376\377\000m\000y\000\137\000l\000i\000b\000/\000l\000c\000d\000.\000h\000\040\000F\000i\000l\000e\000\040\000R\000e\000f\000e\000r\000e\000n\000c\000e}{chapter.6}% 258
\BOOKMARK [2][-]{subsection.6.41.1}{\376\377\000M\000a\000c\000r\000o\000\040\000D\000e\000f\000i\000n\000i\000t\000i\000o\000n\000\040\000D\000o\000c\000u\000m\000e\000n\000t\000a\000t\000i\000o\000n}{section.6.41}% 259
\BOOKMARK [3][-]{subsubsection.6.41.1.1}{\376\377\000L\000C\000D\000\137\000B\000L\000I\000N\000K\000\137\000O\000F\000F}{subsection.6.41.1}% 260
\BOOKMARK [3][-]{subsubsection.6.41.1.2}{\376\377\000L\000C\000D\000\137\000B\000L\000I\000N\000K\000\137\000O\000N}{subsection.6.41.1}% 261
\BOOKMARK [3][-]{subsubsection.6.41.1.3}{\376\377\000L\000C\000D\000\137\000C\000L\000K\000\137\000H\000i\000g\000h}{subsection.6.41.1}% 262
\BOOKMARK [3][-]{subsubsection.6.41.1.4}{\376\377\000L\000C\000D\000\137\000C\000L\000K\000\137\000L\000o\000W}{subsection.6.41.1}% 263
\BOOKMARK [3][-]{subsubsection.6.41.1.5}{\376\377\000L\000C\000D\000\137\000C\000U\000R\000S\000O\000R\000\137\000O\000F\000F}{subsection.6.41.1}% 264
\BOOKMARK [3][-]{subsubsection.6.41.1.6}{\376\377\000L\000C\000D\000\137\000C\000U\000R\000S\000O\000R\000\137\000O\000N}{subsection.6.41.1}% 265
\BOOKMARK [3][-]{subsubsection.6.41.1.7}{\376\377\000L\000C\000D\000\137\000D\000I\000S\000P\000L\000A\000Y\000\137\000C\000O\000N\000F\000I\000G}{subsection.6.41.1}% 266
\BOOKMARK [3][-]{subsubsection.6.41.1.8}{\376\377\000L\000C\000D\000\137\000D\000I\000S\000P\000L\000A\000Y\000\137\000I\000N\000C\000R\000E\000M\000E\000N\000T}{subsection.6.41.1}% 267
\BOOKMARK [3][-]{subsubsection.6.41.1.9}{\376\377\000L\000C\000D\000\137\000D\000I\000S\000P\000L\000A\000Y\000\137\000O\000F\000F}{subsection.6.41.1}% 268
\BOOKMARK [3][-]{subsubsection.6.41.1.10}{\376\377\000L\000C\000D\000\137\000D\000I\000S\000P\000L\000A\000Y\000\137\000O\000N}{subsection.6.41.1}% 269
\BOOKMARK [3][-]{subsubsection.6.41.1.11}{\376\377\000L\000C\000D\000\137\000D\000T\000A\000\137\000S\000e\000n\000d}{subsection.6.41.1}% 270
\BOOKMARK [3][-]{subsubsection.6.41.1.12}{\376\377\000L\000C\000D\000\137\000E\000N\000\137\000H\000i\000g\000h}{subsection.6.41.1}% 271
\BOOKMARK [3][-]{subsubsection.6.41.1.13}{\376\377\000L\000C\000D\000\137\000E\000N\000\137\000L\000o\000w}{subsection.6.41.1}% 272
\BOOKMARK [3][-]{subsubsection.6.41.1.14}{\376\377\000L\000C\000D\000\137\000I\000N\000C\000R\000E\000M\000E\000N\000T}{subsection.6.41.1}% 273
\BOOKMARK [3][-]{subsubsection.6.41.1.15}{\376\377\000L\000C\000D\000\137\000I\000N\000C\000R\000E\000M\000E\000N\000T\000\137\000N\000E\000G\000A\000T\000I\000V\000E}{subsection.6.41.1}% 274
\BOOKMARK [3][-]{subsubsection.6.41.1.16}{\376\377\000L\000C\000D\000\137\000I\000N\000C\000R\000E\000M\000E\000N\000T\000\137\000N\000O\000\137\000S\000H\000I\000F\000T}{subsection.6.41.1}% 275
\BOOKMARK [3][-]{subsubsection.6.41.1.17}{\376\377\000L\000C\000D\000\137\000I\000N\000C\000R\000E\000M\000E\000N\000T\000\137\000P\000O\000S\000I\000T\000I\000V\000E}{subsection.6.41.1}% 276
\BOOKMARK [3][-]{subsubsection.6.41.1.18}{\376\377\000L\000C\000D\000\137\000I\000N\000C\000R\000E\000M\000E\000N\000T\000\137\000S\000H\000I\000F\000T}{subsection.6.41.1}% 277
\BOOKMARK [3][-]{subsubsection.6.41.1.19}{\376\377\000L\000C\000D\000\137\000R\000S\000\137\000H\000i\000g\000h}{subsection.6.41.1}% 278
\BOOKMARK [3][-]{subsubsection.6.41.1.20}{\376\377\000L\000C\000D\000\137\000R\000S\000\137\000L\000o\000w}{subsection.6.41.1}% 279
\BOOKMARK [3][-]{subsubsection.6.41.1.21}{\376\377\000L\000C\000D\000\137\000S\000E\000T\000\137\000C\000G\000R\000A\000M}{subsection.6.41.1}% 280
\BOOKMARK [3][-]{subsubsection.6.41.1.22}{\376\377\000L\000C\000D\000\137\000S\000H\000I\000F\000T}{subsection.6.41.1}% 281
\BOOKMARK [3][-]{subsubsection.6.41.1.23}{\376\377\000L\000C\000D\000\137\000S\000H\000I\000F\000T\000\137\000C\000U\000R\000S\000O\000R}{subsection.6.41.1}% 282
\BOOKMARK [3][-]{subsubsection.6.41.1.24}{\376\377\000L\000C\000D\000\137\000S\000H\000I\000F\000T\000\137\000D\000I\000S\000P\000L\000A\000Y}{subsection.6.41.1}% 283
\BOOKMARK [3][-]{subsubsection.6.41.1.25}{\376\377\000L\000C\000D\000\137\000S\000H\000I\000F\000T\000\137\000L\000E\000F\000T}{subsection.6.41.1}% 284
\BOOKMARK [3][-]{subsubsection.6.41.1.26}{\376\377\000L\000C\000D\000\137\000S\000H\000I\000F\000T\000\137\000R\000I\000G\000H\000T}{subsection.6.41.1}% 285
\BOOKMARK [3][-]{subsubsection.6.41.1.27}{\376\377\000L\000C\000D\000\137\000s\000p\000l\000a\000s\000h\000s\000c\000r\000e\000e\000n\0002\000\137\000r\000o\000w\0001}{subsection.6.41.1}% 286
\BOOKMARK [3][-]{subsubsection.6.41.1.28}{\376\377\000L\000C\000D\000\137\000s\000p\000l\000a\000s\000h\000s\000c\000r\000e\000e\000n\0002\000\137\000r\000o\000w\0002}{subsection.6.41.1}% 287
\BOOKMARK [3][-]{subsubsection.6.41.1.29}{\376\377\000L\000C\000D\000\137\000s\000p\000l\000a\000s\000h\000s\000c\000r\000e\000e\000n\000\137\000r\000o\000w\0001}{subsection.6.41.1}% 288
\BOOKMARK [3][-]{subsubsection.6.41.1.30}{\376\377\000L\000C\000D\000\137\000s\000p\000l\000a\000s\000h\000s\000c\000r\000e\000e\000n\000\137\000r\000o\000w\0002}{subsection.6.41.1}% 289
\BOOKMARK [3][-]{subsubsection.6.41.1.31}{\376\377\000L\000C\000D\000D\000e\000l\000a\000y}{subsection.6.41.1}% 290
\BOOKMARK [3][-]{subsubsection.6.41.1.32}{\376\377\000L\000C\000D\000P\000i\000n\000C\000l\000e\000a\000r}{subsection.6.41.1}% 291
\BOOKMARK [3][-]{subsubsection.6.41.1.33}{\376\377\000L\000C\000D\000P\000i\000n\000S\000e\000t}{subsection.6.41.1}% 292
\BOOKMARK [3][-]{subsubsection.6.41.1.34}{\376\377\000m\000a\000x\000L\000e\000n\000g\000t\000h\000O\000u\000t}{subsection.6.41.1}% 293
\BOOKMARK [2][-]{subsection.6.41.2}{\376\377\000F\000u\000n\000c\000t\000i\000o\000n\000\040\000D\000o\000c\000u\000m\000e\000n\000t\000a\000t\000i\000o\000n}{section.6.41}% 294
\BOOKMARK [3][-]{subsubsection.6.41.2.1}{\376\377\000a\000r\000r\000a\000y\000T\000o\000N\000u\000m}{subsection.6.41.2}% 295
\BOOKMARK [3][-]{subsubsection.6.41.2.2}{\376\377\000L\000C\000D\000C\000l\000e\000a\000r}{subsection.6.41.2}% 296
\BOOKMARK [3][-]{subsubsection.6.41.2.3}{\376\377\000L\000C\000D\000H\000o\000m\000e}{subsection.6.41.2}% 297
\BOOKMARK [3][-]{subsubsection.6.41.2.4}{\376\377\000L\000C\000D\000I\000n\000i\000t}{subsection.6.41.2}% 298
\BOOKMARK [3][-]{subsubsection.6.41.2.5}{\376\377\000L\000C\000D\000P\000o\000s\000i\000t\000i\000o\000n}{subsection.6.41.2}% 299
\BOOKMARK [3][-]{subsubsection.6.41.2.6}{\376\377\000L\000C\000D\000P\000o\000s\000i\000t\000i\000o\000n\000N\000o\000D\000e\000l\000a\000y}{subsection.6.41.2}% 300
\BOOKMARK [3][-]{subsubsection.6.41.2.7}{\376\377\000L\000C\000D\000R\000e\000g\000i\000s\000t\000e\000r\000S\000p\000e\000c\000i\000a\000l}{subsection.6.41.2}% 301
\BOOKMARK [3][-]{subsubsection.6.41.2.8}{\376\377\000L\000C\000D\000S\000e\000n\000d}{subsection.6.41.2}% 302
\BOOKMARK [3][-]{subsubsection.6.41.2.9}{\376\377\000L\000C\000D\000S\000e\000n\000d\000C\000h\000a\000r}{subsection.6.41.2}% 303
\BOOKMARK [3][-]{subsubsection.6.41.2.10}{\376\377\000L\000C\000D\000S\000e\000n\000d\000C\000m\000d}{subsection.6.41.2}% 304
\BOOKMARK [3][-]{subsubsection.6.41.2.11}{\376\377\000L\000C\000D\000S\000e\000n\000d\000H\000e\000x}{subsection.6.41.2}% 305
\BOOKMARK [3][-]{subsubsection.6.41.2.12}{\376\377\000L\000C\000D\000S\000e\000n\000d\000N\000u\000m}{subsection.6.41.2}% 306
\BOOKMARK [3][-]{subsubsection.6.41.2.13}{\376\377\000L\000C\000D\000S\000e\000n\000d\000N\000u\000m\000A\000r\000r\000a\000y}{subsection.6.41.2}% 307
\BOOKMARK [3][-]{subsubsection.6.41.2.14}{\376\377\000L\000C\000D\000S\000e\000n\000d\000N\000u\000m\000S\000t\000r\000i\000c\000t}{subsection.6.41.2}% 308
\BOOKMARK [3][-]{subsubsection.6.41.2.15}{\376\377\000L\000C\000D\000S\000e\000n\000d\000S\000t\000r\000i\000n\000g}{subsection.6.41.2}% 309
\BOOKMARK [3][-]{subsubsection.6.41.2.16}{\376\377\000L\000C\000D\000S\000e\000n\000d\000V\000U}{subsection.6.41.2}% 310
\BOOKMARK [3][-]{subsubsection.6.41.2.17}{\376\377\000L\000C\000D\000S\000h\000i\000f\000t}{subsection.6.41.2}% 311
\BOOKMARK [3][-]{subsubsection.6.41.2.18}{\376\377\000n\000u\000m\000T\000o\000A\000r\000r\000a\000y}{subsection.6.41.2}% 312
\BOOKMARK [2][-]{subsection.6.41.3}{\376\377\000V\000a\000r\000i\000a\000b\000l\000e\000\040\000D\000o\000c\000u\000m\000e\000n\000t\000a\000t\000i\000o\000n}{section.6.41}% 313
\BOOKMARK [3][-]{subsubsection.6.41.3.1}{\376\377\000L\000C\000D\0000\000S\000t\000a\000t\000u\000s}{subsection.6.41.3}% 314
\BOOKMARK [1][-]{section.6.42}{\376\377\000l\000c\000d\000.\000h}{chapter.6}% 315
\BOOKMARK [1][-]{section.6.43}{\376\377\000m\000y\000\137\000l\000i\000b\000/\000m\000y\000\137\000u\000s\000e\000.\000c\000\040\000F\000i\000l\000e\000\040\000R\000e\000f\000e\000r\000e\000n\000c\000e}{chapter.6}% 316
\BOOKMARK [2][-]{subsection.6.43.1}{\376\377\000F\000u\000n\000c\000t\000i\000o\000n\000\040\000D\000o\000c\000u\000m\000e\000n\000t\000a\000t\000i\000o\000n}{section.6.43}% 317
\BOOKMARK [3][-]{subsubsection.6.43.1.1}{\376\377\000S\000h\000i\000f\000t\000S\000e\000r\000i\000a\000l\000S\000e\000n\000d}{subsection.6.43.1}% 318
\BOOKMARK [1][-]{section.6.44}{\376\377\000m\000y\000\137\000u\000s\000e\000.\000c}{chapter.6}% 319
\BOOKMARK [1][-]{section.6.45}{\376\377\000m\000y\000\137\000l\000i\000b\000/\000m\000y\000\137\000u\000s\000e\000.\000h\000\040\000F\000i\000l\000e\000\040\000R\000e\000f\000e\000r\000e\000n\000c\000e}{chapter.6}% 320
\BOOKMARK [2][-]{subsection.6.45.1}{\376\377\000M\000a\000c\000r\000o\000\040\000D\000e\000f\000i\000n\000i\000t\000i\000o\000n\000\040\000D\000o\000c\000u\000m\000e\000n\000t\000a\000t\000i\000o\000n}{section.6.45}% 321
\BOOKMARK [3][-]{subsubsection.6.45.1.1}{\376\377\000b\000T\000r\000u\000e\0000}{subsection.6.45.1}% 322
\BOOKMARK [3][-]{subsubsection.6.45.1.2}{\376\377\000b\000T\000r\000u\000e\0001}{subsection.6.45.1}% 323
\BOOKMARK [3][-]{subsubsection.6.45.1.3}{\376\377\000b\000T\000r\000u\000e\0002}{subsection.6.45.1}% 324
\BOOKMARK [3][-]{subsubsection.6.45.1.4}{\376\377\000b\000T\000r\000u\000e\0003}{subsection.6.45.1}% 325
\BOOKMARK [3][-]{subsubsection.6.45.1.5}{\376\377\000b\000T\000r\000u\000e\0004}{subsection.6.45.1}% 326
\BOOKMARK [3][-]{subsubsection.6.45.1.6}{\376\377\000b\000T\000r\000u\000e\0005}{subsection.6.45.1}% 327
\BOOKMARK [3][-]{subsubsection.6.45.1.7}{\376\377\000b\000T\000r\000u\000e\0006}{subsection.6.45.1}% 328
\BOOKMARK [3][-]{subsubsection.6.45.1.8}{\376\377\000b\000T\000r\000u\000e\0007}{subsection.6.45.1}% 329
\BOOKMARK [3][-]{subsubsection.6.45.1.9}{\376\377\000c\000h\000a\000r\000B\000i\000n\000a\000r\000y\000L\000e\000n\000g\000t\000h}{subsection.6.45.1}% 330
\BOOKMARK [3][-]{subsubsection.6.45.1.10}{\376\377\000c\000h\000a\000r\000D\000e\000c\000a\000d\000e\000L\000e\000n\000g\000t\000h}{subsection.6.45.1}% 331
\BOOKMARK [3][-]{subsubsection.6.45.1.11}{\376\377\000i\000n\000t\000B\000i\000n\000a\000r\000y\000L\000e\000n\000g\000t\000h}{subsection.6.45.1}% 332
\BOOKMARK [3][-]{subsubsection.6.45.1.12}{\376\377\000i\000n\000t\000D\000e\000c\000a\000d\000e\000L\000e\000n\000g\000t\000h}{subsection.6.45.1}% 333
\BOOKMARK [3][-]{subsubsection.6.45.1.13}{\376\377\000l\000i\000m\000i\000t\000C\000e\000i\000l\000V\000a\000l\000u\000e}{subsection.6.45.1}% 334
\BOOKMARK [3][-]{subsubsection.6.45.1.14}{\376\377\000l\000i\000m\000i\000t\000C\000y\000c\000l\000e\000V\000a\000l\000u\000e\000U\000p\000O\000f\000f}{subsection.6.45.1}% 335
\BOOKMARK [3][-]{subsubsection.6.45.1.15}{\376\377\000l\000i\000m\000i\000t\000C\000y\000c\000l\000e\000V\000a\000l\000u\000e\000U\000p\000Z\000e\000r\000o}{subsection.6.45.1}% 336
\BOOKMARK [3][-]{subsubsection.6.45.1.16}{\376\377\000l\000i\000m\000i\000t\000F\000l\000o\000o\000r\000V\000a\000l\000u\000e}{subsection.6.45.1}% 337
\BOOKMARK [3][-]{subsubsection.6.45.1.17}{\376\377\000s\000h\000o\000r\000t\000B\000i\000n\000a\000r\000y\000L\000e\000n\000g\000t\000h}{subsection.6.45.1}% 338
\BOOKMARK [3][-]{subsubsection.6.45.1.18}{\376\377\000s\000h\000o\000r\000t\000D\000e\000c\000a\000d\000e\000L\000e\000n\000g\000t\000h}{subsection.6.45.1}% 339
\BOOKMARK [2][-]{subsection.6.45.2}{\376\377\000F\000u\000n\000c\000t\000i\000o\000n\000\040\000D\000o\000c\000u\000m\000e\000n\000t\000a\000t\000i\000o\000n}{section.6.45}% 340
\BOOKMARK [3][-]{subsubsection.6.45.2.1}{\376\377\000S\000h\000i\000f\000t\000S\000e\000r\000i\000a\000l\000S\000e\000n\000d}{subsection.6.45.2}% 341
\BOOKMARK [1][-]{section.6.46}{\376\377\000m\000y\000\137\000u\000s\000e\000.\000h}{chapter.6}% 342
\BOOKMARK [1][-]{section.6.47}{\376\377\000m\000y\000\137\000l\000i\000b\000/\000m\000y\000U\000a\000r\000t\000.\000c\000\040\000F\000i\000l\000e\000\040\000R\000e\000f\000e\000r\000e\000n\000c\000e}{chapter.6}% 343
\BOOKMARK [2][-]{subsection.6.47.1}{\376\377\000F\000u\000n\000c\000t\000i\000o\000n\000\040\000D\000o\000c\000u\000m\000e\000n\000t\000a\000t\000i\000o\000n}{section.6.47}% 344
\BOOKMARK [3][-]{subsubsection.6.47.1.1}{\376\377\000m\000y\000U\000A\000R\000T\000S\000e\000n\000d\000S\000t\000r\000i\000n\000g}{subsection.6.47.1}% 345
\BOOKMARK [1][-]{section.6.48}{\376\377\000m\000y\000U\000a\000r\000t\000.\000c}{chapter.6}% 346
\BOOKMARK [1][-]{section.6.49}{\376\377\000m\000y\000\137\000l\000i\000b\000/\000m\000y\000U\000a\000r\000t\000.\000h\000\040\000F\000i\000l\000e\000\040\000R\000e\000f\000e\000r\000e\000n\000c\000e}{chapter.6}% 347
\BOOKMARK [2][-]{subsection.6.49.1}{\376\377\000M\000a\000c\000r\000o\000\040\000D\000e\000f\000i\000n\000i\000t\000i\000o\000n\000\040\000D\000o\000c\000u\000m\000e\000n\000t\000a\000t\000i\000o\000n}{section.6.49}% 348
\BOOKMARK [3][-]{subsubsection.6.49.1.1}{\376\377\000m\000y\000U\000A\000R\000T\000D\000e\000l\000a\000y}{subsection.6.49.1}% 349
\BOOKMARK [3][-]{subsubsection.6.49.1.2}{\376\377\000m\000y\000U\000A\000R\000T\000P\000C}{subsection.6.49.1}% 350
\BOOKMARK [3][-]{subsubsection.6.49.1.3}{\376\377\000m\000y\000U\000A\000R\000T\000P\000C\000S\000e\000n\000d}{subsection.6.49.1}% 351
\BOOKMARK [3][-]{subsubsection.6.49.1.4}{\376\377\000m\000y\000U\000A\000R\000T\000S\000e\000n\000d}{subsection.6.49.1}% 352
\BOOKMARK [3][-]{subsubsection.6.49.1.5}{\376\377\000U\000A\000R\000T\000\137\000B\000U\000F\000F\000E\000R\000\137\000S\000I\000Z\000E}{subsection.6.49.1}% 353
\BOOKMARK [3][-]{subsubsection.6.49.1.6}{\376\377\000U\000A\000R\000T\000\137\000D\000I\000R\000E\000C\000T\000\137\000T\000R\000A\000N\000S\000F\000E\000R\000\137\000M\000O\000D\000E}{subsection.6.49.1}% 354
\BOOKMARK [3][-]{subsubsection.6.49.1.7}{\376\377\000U\000A\000R\000T\000\137\000N\000O\000R\000M\000A\000L\000\137\000O\000P\000\137\000M\000O\000D\000E}{subsection.6.49.1}% 355
\BOOKMARK [2][-]{subsection.6.49.2}{\376\377\000F\000u\000n\000c\000t\000i\000o\000n\000\040\000D\000o\000c\000u\000m\000e\000n\000t\000a\000t\000i\000o\000n}{section.6.49}% 356
\BOOKMARK [3][-]{subsubsection.6.49.2.1}{\376\377\000m\000y\000U\000A\000R\000T\000S\000e\000n\000d\000S\000t\000r\000i\000n\000g}{subsection.6.49.2}% 357
\BOOKMARK [1][-]{section.6.50}{\376\377\000m\000y\000U\000a\000r\000t\000.\000h}{chapter.6}% 358
\BOOKMARK [1][-]{section.6.51}{\376\377\000m\000y\000\137\000l\000i\000b\000/\000u\000k\000\137\000m\000a\000p\000p\000i\000n\000g\000.\000h\000\040\000F\000i\000l\000e\000\040\000R\000e\000f\000e\000r\000e\000n\000c\000e}{chapter.6}% 359
\BOOKMARK [2][-]{subsection.6.51.1}{\376\377\000M\000a\000c\000r\000o\000\040\000D\000e\000f\000i\000n\000i\000t\000i\000o\000n\000\040\000D\000o\000c\000u\000m\000e\000n\000t\000a\000t\000i\000o\000n}{section.6.51}% 360
\BOOKMARK [3][-]{subsubsection.6.51.1.1}{\376\377\000U\000K\000M\000\137\000A\000S\000C\000I\000I\000\137\000F\000F}{subsection.6.51.1}% 361
\BOOKMARK [3][-]{subsubsection.6.51.1.2}{\376\377\000U\000K\000M\000\137\000A\000S\000C\000I\000I\000\137\000L\000F}{subsection.6.51.1}% 362
\BOOKMARK [3][-]{subsubsection.6.51.1.3}{\376\377\000U\000K\000M\000\137\000A\000S\000C\000I\000I\000\137\000T\000A\000B}{subsection.6.51.1}% 363
\BOOKMARK [3][-]{subsubsection.6.51.1.4}{\376\377\000U\000K\000M\000\137\000A\000S\000C\000I\000I\000\137\000V\000T}{subsection.6.51.1}% 364
\BOOKMARK [3][-]{subsubsection.6.51.1.5}{\376\377\000U\000K\000M\000\137\000B\000S}{subsection.6.51.1}% 365
\BOOKMARK [3][-]{subsubsection.6.51.1.6}{\376\377\000U\000K\000M\000\137\000B\000S\000P\000A\000C\000E}{subsection.6.51.1}% 366
\BOOKMARK [3][-]{subsubsection.6.51.1.7}{\376\377\000U\000K\000M\000\137\000C\000L\000S}{subsection.6.51.1}% 367
\BOOKMARK [3][-]{subsubsection.6.51.1.8}{\376\377\000U\000K\000M\000\137\000C\000R}{subsection.6.51.1}% 368
\BOOKMARK [3][-]{subsubsection.6.51.1.9}{\376\377\000U\000K\000M\000\137\000C\000T\000R\000L\000\137\000E}{subsection.6.51.1}% 369
\BOOKMARK [3][-]{subsubsection.6.51.1.10}{\376\377\000U\000K\000M\000\137\000E\000N\000T\000E\000R}{subsection.6.51.1}% 370
\BOOKMARK [3][-]{subsubsection.6.51.1.11}{\376\377\000U\000K\000M\000\137\000E\000S\000C\000A\000P\000E}{subsection.6.51.1}% 371
\BOOKMARK [3][-]{subsubsection.6.51.1.12}{\376\377\000U\000K\000M\000\137\000L\000F}{subsection.6.51.1}% 372
\BOOKMARK [3][-]{subsubsection.6.51.1.13}{\376\377\000U\000K\000M\000\137\000L\000I\000N\000E\000F\000E\000E\000D}{subsection.6.51.1}% 373
\BOOKMARK [3][-]{subsubsection.6.51.1.14}{\376\377\000U\000K\000M\000\137\000S\000P\000A\000C\000E}{subsection.6.51.1}% 374
\BOOKMARK [3][-]{subsubsection.6.51.1.15}{\376\377\000U\000K\000M\000\137\000T\000A\000B}{subsection.6.51.1}% 375
\BOOKMARK [3][-]{subsubsection.6.51.1.16}{\376\377\000U\000K\000M\000\137\000T\000I\000L\000D\000A}{subsection.6.51.1}% 376
\BOOKMARK [3][-]{subsubsection.6.51.1.17}{\376\377\000U\000K\000M\000\137\000V\000T}{subsection.6.51.1}% 377
\BOOKMARK [1][-]{section.6.52}{\376\377\000u\000k\000\137\000m\000a\000p\000p\000i\000n\000g\000.\000h}{chapter.6}% 378
\BOOKMARK [1][-]{section.6.53}{\376\377\000R\000E\000A\000D\000M\000E\000\040\0001\000.\000m\000d\000\040\000F\000i\000l\000e\000\040\000R\000e\000f\000e\000r\000e\000n\000c\000e}{chapter.6}% 379
\BOOKMARK [1][-]{section.6.54}{\376\377\000R\000E\000A\000D\000M\000E\000\040\0001\000.\000m\000d}{chapter.6}% 380
\BOOKMARK [1][-]{section.6.55}{\376\377\000R\000E\000A\000D\000M\000E\000.\000m\000d\000\040\000F\000i\000l\000e\000\040\000R\000e\000f\000e\000r\000e\000n\000c\000e}{chapter.6}% 381
\BOOKMARK [1][-]{section.6.56}{\376\377\000R\000E\000A\000D\000M\000E\000.\000m\000d}{chapter.6}% 382
\BOOKMARK [0][-]{section*.39}{\376\377\000I\000n\000d\000e\000x}{}% 383
